\BOOKMARK [1][-]{section.1}{The Discrete Logarithm Problem}{}% 1
\BOOKMARK [2][-]{subsection.1.1}{The Diffie-Hellman Key Exchange}{section.1}% 2
\BOOKMARK [2][-]{subsection.1.2}{The Digital Signature Algorithm}{section.1}% 3
\BOOKMARK [2][-]{subsection.1.3}{A Brief History of the Groups Fp* and F2n*}{section.1}% 4
\BOOKMARK [1][-]{section.2}{Abelian Varieties}{}% 5
\BOOKMARK [2][-]{subsection.2.1}{Dimension}{section.2}% 6
\BOOKMARK [2][-]{subsection.2.2}{Genus}{section.2}% 7
\BOOKMARK [1][-]{section.3}{Elliptic Curves}{}% 8
\BOOKMARK [2][-]{subsection.3.1}{The Group Operation}{section.3}% 9
\BOOKMARK [2][-]{subsection.3.2}{Scalar Multiplication of a Point}{section.3}% 10
\BOOKMARK [2][-]{subsection.3.3}{Finding Points}{section.3}% 11
\BOOKMARK [2][-]{subsection.3.4}{Counting Points}{section.3}% 12
\BOOKMARK [2][-]{subsection.3.5}{Generating Provably Random Elliptic Curves}{section.3}% 13
\BOOKMARK [1][-]{section.4}{Hyperelliptic Curves}{}% 14
\BOOKMARK [2][-]{subsection.4.1}{The Jacobian of a Hyperelliptic Curve}{section.4}% 15
\BOOKMARK [2][-]{subsection.4.2}{Representation of Divisors}{section.4}% 16
\BOOKMARK [2][-]{subsection.4.3}{The Group Operation}{section.4}% 17
\BOOKMARK [2][-]{subsection.4.4}{Finding Points}{section.4}% 18
\BOOKMARK [2][-]{subsection.4.5}{Counting Points}{section.4}% 19
\BOOKMARK [1][-]{section.5}{References}{}% 20
